<?xml version="1.0" encoding="UTF-8"?>
<!-- Generated by org.testng.reporters.JUnitXMLReporter -->
<testsuite ignored="0" hostname="Sumits-MacBook-Pro.local" failures="1" tests="1" name="Test1" time="9.167" errors="0" timestamp="2023-07-28T18:11:42 IST">
  <testcase classname="UI.step.BrowseFacebookStep" name="testFBLoginFeature" time="7.825">
    <failure type="java.lang.AssertionError" message="did not expect to find [true] but found [false]">
      <![CDATA[java.lang.AssertionError: did not expect to find [true] but found [false]
at UI.step.BrowseFacebookStep.testFBLoginFeature(BrowseFacebookStep.java:22)
at java.base/java.util.ArrayList.forEach(ArrayList.java:1511)
... Removed 31 stack frames]]>
    </failure>
  </testcase> <!-- testFBLoginFeature -->
</testsuite> <!-- Test1 -->
