<?xml version="1.0" encoding="UTF-8"?>
<!-- Generated by org.testng.reporters.JUnitXMLReporter -->
<testsuite ignored="0" hostname="Sumits-MacBook-Pro.local" failures="1" tests="1" name="BrowseFacebookStep" time="18.589" errors="0" timestamp="2023-08-04T15:52:17 IST">
  <testcase classname="UI.BaseClass" name="@AfterMethod checkStatus" time="0.393">
    <failure type="java.lang.NullPointerException" message="Cannot invoke &amp;quot;com.aventstack.extentreports.ExtentTest.fail(java.lang.Throwable)&amp;quot; because &amp;quot;UI.BaseClass.extentTest&amp;quot; is null">
      <![CDATA[java.lang.NullPointerException: Cannot invoke "com.aventstack.extentreports.ExtentTest.fail(java.lang.Throwable)" because "UI.BaseClass.extentTest" is null
at UI.BaseClass.checkStatus(BaseClass.java:74)
at java.base/java.util.ArrayList.forEach(ArrayList.java:1511)
... Removed 32 stack frames]]>
    </failure>
  </testcase> <!-- @AfterMethod checkStatus -->
  <testcase classname="UI.step.BrowseFacebookStep" name="testFBLoginFeature" time="7.257">
    <failure type="java.lang.AssertionError" message="expected [sumit] but found [ram]">
      <![CDATA[java.lang.AssertionError: expected [sumit] but found [ram]
at UI.step.BrowseFacebookStep.testFBLoginFeature(BrowseFacebookStep.java:20)
at java.base/java.util.ArrayList.forEach(ArrayList.java:1511)
... Removed 32 stack frames]]>
    </failure>
  </testcase> <!-- testFBLoginFeature -->
</testsuite> <!-- BrowseFacebookStep -->
