{"uuid":"087d3db7-6ece-4a2e-9aa4-a4a8b25ff668","name":"Default test","children":["400d455e-ca91-48e2-84b4-be0e5810b181","90116035-907f-4bbb-9f28-b3327f4ae095"],"befores":[{"name":"lunchBrowser","status":"broken","statusDetails":{"known":false,"muted":false,"flaky":false,"message":"Unable to obtain: Capabilities {browserName: chrome, goog:chromeOptions: {args: [], extensions: []}}","trace":"org.openqa.selenium.remote.NoSuchDriverException: Unable to obtain: Capabilities {browserName: chrome, goog:chromeOptions: {args: [], extensions: []}}\n\tat org.openqa.selenium.remote.service.DriverFinder.getPath(DriverFinder.java:29)\n\tat org.openqa.selenium.chrome.ChromeDriver.generateExecutor(ChromeDriver.java:98)\n\tat org.openqa.selenium.chrome.ChromeDriver.<init>(ChromeDriver.java:87)\n\tat org.openqa.selenium.chrome.ChromeDriver.<init>(ChromeDriver.java:82)\n\tat org.openqa.selenium.chrome.ChromeDriver.<init>(ChromeDriver.java:50)\n\tat UI.BaseClass.lunchBrowser(BaseClass.java:49)\n\tat java.base/jdk.internal.reflect.NativeMethodAccessorImpl.invoke0(Native Method)\n\tat java.base/jdk.internal.reflect.NativeMethodAccessorImpl.invoke(NativeMethodAccessorImpl.java:77)\n\tat java.base/jdk.internal.reflect.DelegatingMethodAccessorImpl.invoke(DelegatingMethodAccessorImpl.java:43)\n\tat java.base/java.lang.reflect.Method.invoke(Method.java:568)\n\tat org.testng.internal.MethodInvocationHelper.invokeMethod(MethodInvocationHelper.java:133)\n\tat org.testng.internal.MethodInvocationHelper.invokeMethodConsideringTimeout(MethodInvocationHelper.java:62)\n\tat org.testng.internal.ConfigInvoker.invokeConfigurationMethod(ConfigInvoker.java:340)\n\tat org.testng.internal.ConfigInvoker.invokeConfigurations(ConfigInvoker.java:294)\n\tat org.testng.TestRunner.invokeTestConfigurations(TestRunner.java:623)\n\tat org.testng.TestRunner.beforeRun(TestRunner.java:613)\n\tat org.testng.TestRunner.run(TestRunner.java:584)\n\tat org.testng.SuiteRunner.runTest(SuiteRunner.java:402)\n\tat org.testng.SuiteRunner.runSequentially(SuiteRunner.java:396)\n\tat org.testng.SuiteRunner.privateRun(SuiteRunner.java:355)\n\tat org.testng.SuiteRunner.run(SuiteRunner.java:304)\n\tat org.testng.SuiteRunnerWorker.runSuite(SuiteRunnerWorker.java:53)\n\tat org.testng.SuiteRunnerWorker.run(SuiteRunnerWorker.java:96)\n\tat org.testng.TestNG.runSuitesSequentially(TestNG.java:1180)\n\tat org.testng.TestNG.runSuitesLocally(TestNG.java:1102)\n\tat org.testng.TestNG.runSuites(TestNG.java:1032)\n\tat org.testng.TestNG.run(TestNG.java:1000)\n\tat org.testng.remote.AbstractRemoteTestNG.run(AbstractRemoteTestNG.java:115)\n\tat org.testng.remote.RemoteTestNG.initAndRun(RemoteTestNG.java:251)\n\tat org.testng.remote.RemoteTestNG.main(RemoteTestNG.java:77)\nCaused by: org.openqa.selenium.WebDriverException: Unsuccessful command executed: [/var/folders/_s/hws5qrm17qsd373tdc9gshyw0000gn/T/selenium-manager17099241503212515339305491997060333/selenium-manager, --browser, chrome, --output, json]\nerror sending request for url (https://chromedriver.storage.googleapis.com/LATEST_RELEASE_115): error trying to connect: dns error: failed to lookup address information: nodename nor servname provided, or not known\nBuild info: version: '4.10.0', revision: 'c14d967899'\nSystem info: os.name: 'Mac OS X', os.arch: 'x86_64', os.version: '12.0.1', java.version: '17.0.5'\nDriver info: driver.version: ChromeDriver\n\tat org.openqa.selenium.manager.SeleniumManager.runCommand(SeleniumManager.java:130)\n\tat org.openqa.selenium.manager.SeleniumManager.getDriverPath(SeleniumManager.java:251)\n\tat org.openqa.selenium.remote.service.DriverFinder.getPath(DriverFinder.java:27)\n\t... 29 more\n"},"stage":"finished","description":"","steps":[],"attachments":[],"parameters":[],"start":1691007613392,"stop":1691007614135}],"afters":[{"name":"quitQuit","status":"broken","stage":"finished","description":"","steps":[],"attachments":[],"parameters":[],"start":1691007614402,"stop":1691007614402}],"start":1691007613326,"stop":1691007614874}