{"uuid":"39a06096-f934-4dbc-ad28-d044741e1449","historyId":"b1297f622dec04004746847a60c55959","fullName":"api.request.DoPostRequest.doGetRequest","labels":[{"name":"package","value":"api.request.DoPostRequest"},{"name":"testClass","value":"api.request.DoPostRequest"},{"name":"testMethod","value":"doGetRequest"},{"name":"parentSuite","value":"Default suite"},{"name":"suite","value":"Default test"},{"name":"subSuite","value":"api.request.DoPostRequest"},{"name":"host","value":"Sumits-MacBook-Pro.local"},{"name":"thread","value":"96081@Sumits-MacBook-Pro.local.main(1)"},{"name":"framework","value":"testng"},{"name":"language","value":"java"}],"links":[],"name":"doGetRequest","status":"skipped","statusDetails":{"known":false,"muted":false,"flaky":false,"message":"java.lang.NullPointerException: Cannot invoke \"java.io.File.getAbsolutePath()\" because the return value of \"utils.utility.Utility.searchFile(String)\" is null","trace":"java.lang.RuntimeException: java.lang.NullPointerException: Cannot invoke \"java.io.File.getAbsolutePath()\" because the return value of \"utils.utility.Utility.searchFile(String)\" is null\n\tat org.testng.internal.MethodInvocationHelper.invokeMethodNoCheckedException(MethodInvocationHelper.java:50)\n\tat org.testng.internal.MethodInvocationHelper.invokeDataProvider(MethodInvocationHelper.java:146)\n\tat org.testng.internal.Parameters.handleParameters(Parameters.java:820)\n\tat org.testng.internal.Parameters.handleParameters(Parameters.java:762)\n\tat org.testng.internal.ParameterHandler.handleParameters(ParameterHandler.java:60)\n\tat org.testng.internal.ParameterHandler.createParameters(ParameterHandler.java:39)\n\tat org.testng.internal.TestInvoker$MethodInvocationAgent.invoke(TestInvoker.java:771)\n\tat org.testng.internal.TestInvoker.invokeTestMethods(TestInvoker.java:145)\n\tat org.testng.internal.TestMethodWorker.invokeTestMethods(TestMethodWorker.java:146)\n\tat org.testng.internal.TestMethodWorker.run(TestMethodWorker.java:128)\n\tat java.base/java.util.ArrayList.forEach(ArrayList.java:1511)\n\tat org.testng.TestRunner.privateRun(TestRunner.java:770)\n\tat org.testng.TestRunner.run(TestRunner.java:591)\n\tat org.testng.SuiteRunner.runTest(SuiteRunner.java:402)\n\tat org.testng.SuiteRunner.runSequentially(SuiteRunner.java:396)\n\tat org.testng.SuiteRunner.privateRun(SuiteRunner.java:355)\n\tat org.testng.SuiteRunner.run(SuiteRunner.java:304)\n\tat org.testng.SuiteRunnerWorker.runSuite(SuiteRunnerWorker.java:53)\n\tat org.testng.SuiteRunnerWorker.run(SuiteRunnerWorker.java:96)\n\tat org.testng.TestNG.runSuitesSequentially(TestNG.java:1180)\n\tat org.testng.TestNG.runSuitesLocally(TestNG.java:1102)\n\tat org.testng.TestNG.runSuites(TestNG.java:1032)\n\tat org.testng.TestNG.run(TestNG.java:1000)\n\tat org.testng.remote.AbstractRemoteTestNG.run(AbstractRemoteTestNG.java:115)\n\tat org.testng.remote.RemoteTestNG.initAndRun(RemoteTestNG.java:251)\n\tat org.testng.remote.RemoteTestNG.main(RemoteTestNG.java:77)\nCaused by: java.lang.NullPointerException: Cannot invoke \"java.io.File.getAbsolutePath()\" because the return value of \"utils.utility.Utility.searchFile(String)\" is null\n\tat utils.fileReader.JSONFileReaderClient.getDataSetPath(JSONFileReaderClient.java:8)\n\tat utils.fileReader.JSONFileReader.getValue(JSONFileReader.java:20)\n\tat utils.fileReader.JSONFileReaderClient.getPostRequestBody(JSONFileReaderClient.java:12)\n\tat utils.fileReader.JSONFileReaderClient.getBody(JSONFileReaderClient.java:16)\n\tat dataProvider.APIDataProvider.requestDetails(APIDataProvider.java:13)\n\tat java.base/jdk.internal.reflect.NativeMethodAccessorImpl.invoke0(Native Method)\n\tat java.base/jdk.internal.reflect.NativeMethodAccessorImpl.invoke(NativeMethodAccessorImpl.java:77)\n\tat java.base/jdk.internal.reflect.DelegatingMethodAccessorImpl.invoke(DelegatingMethodAccessorImpl.java:43)\n\tat java.base/java.lang.reflect.Method.invoke(Method.java:568)\n\tat org.testng.internal.MethodInvocationHelper.invokeMethod(MethodInvocationHelper.java:133)\n\tat org.testng.internal.MethodInvocationHelper.invokeMethod(MethodInvocationHelper.java:77)\n\tat org.testng.internal.MethodInvocationHelper.invokeMethodNoCheckedException(MethodInvocationHelper.java:46)\n\t... 25 more\n"},"stage":"finished","steps":[],"attachments":[],"parameters":[],"start":1691143516069,"stop":1691143516072}